build/app/intermediates/manifest_merge_blame_file/debug/manifest-merger-blame-debug-report.txt
1<?xml version="1.0" encoding="utf-8"?>
2<manifest xmlns:android="http://schemas.android.com/apk/res/android"
3    package="loyd.app.example.flutter.com.inappflutter"
4    android:versionCode="1"
5    android:versionName="1.0.0" >
6
7    <uses-sdk
8        android:minSdkVersion="16"
9        android:targetSdkVersion="28" />
10    <!--
11         Flutter needs it to communicate with the running application
12         to allow setting breakpoints, to provide hot reload, etc.
13    -->
14    <uses-permission android:name="android.permission.INTERNET" />
14-->src\main\AndroidManifest.xml:8:5-66
14-->src\main\AndroidManifest.xml:8:22-64
15    <uses-permission android:name="com.android.vending.BILLING" />
15-->src\debug\AndroidManifest.xml:7:5-67
15-->src\debug\AndroidManifest.xml:7:22-64
16
17    <application
17-->src\main\AndroidManifest.xml:9:5-30:19
18        android:name="io.flutter.app.FlutterApplication"
18-->src\main\AndroidManifest.xml:10:9-57
19        android:appComponentFactory="androidx.core.app.CoreComponentFactory"
19-->[androidx.core:core:1.1.0] AndroidManifest.xml:24:18-86
20        android:debuggable="true"
21        android:icon="@mipmap/ic_launcher"
21-->src\main\AndroidManifest.xml:12:9-43
22        android:label="inappflutter" >
22-->src\main\AndroidManifest.xml:11:9-37
23        <activity
23-->src\main\AndroidManifest.xml:13:9-24:20
24            android:name="loyd.app.example.flutter.com.inappflutter.MainActivity"
24-->src\main\AndroidManifest.xml:14:13-41
25            android:configChanges="orientation|keyboardHidden|keyboard|screenSize|smallestScreenSize|locale|layoutDirection|fontScale|screenLayout|density|uiMode"
25-->src\main\AndroidManifest.xml:17:13-163
26            android:hardwareAccelerated="true"
26-->src\main\AndroidManifest.xml:18:13-47
27            android:launchMode="singleTop"
27-->src\main\AndroidManifest.xml:15:13-43
28            android:theme="@style/LaunchTheme"
28-->src\main\AndroidManifest.xml:16:13-47
29            android:windowSoftInputMode="adjustResize" >
29-->src\main\AndroidManifest.xml:19:13-55
30            <intent-filter>
30-->src\main\AndroidManifest.xml:20:13-23:29
31                <action android:name="android.intent.action.MAIN" />
31-->src\main\AndroidManifest.xml:21:17-68
31-->src\main\AndroidManifest.xml:21:25-66
32
33                <category android:name="android.intent.category.LAUNCHER" />
33-->src\main\AndroidManifest.xml:22:17-76
33-->src\main\AndroidManifest.xml:22:27-74
34            </intent-filter>
35        </activity>
36        <!--
37             Don't delete the meta-data below.
38             This is used by the Flutter tool to generate GeneratedPluginRegistrant.java
39        -->
40        <meta-data
40-->src\main\AndroidManifest.xml:27:9-29:33
41            android:name="flutterEmbedding"
41-->src\main\AndroidManifest.xml:28:13-44
42            android:value="2" />
42-->src\main\AndroidManifest.xml:29:13-30
43        <meta-data
43-->[com.android.billingclient:billing:2.0.3] AndroidManifest.xml:13:9-15:37
44            android:name="com.google.android.play.billingclient.version"
44-->[com.android.billingclient:billing:2.0.3] AndroidManifest.xml:14:13-73
45            android:value="2.0.3" />
45-->[com.android.billingclient:billing:2.0.3] AndroidManifest.xml:15:13-34
46
47        <activity
47-->[com.android.billingclient:billing:2.0.3] AndroidManifest.xml:17:9-20:75
48            android:name="com.android.billingclient.api.ProxyBillingActivity"
48-->[com.android.billingclient:billing:2.0.3] AndroidManifest.xml:18:13-78
49            android:configChanges="keyboard|keyboardHidden|screenLayout|screenSize|orientation"
49-->[com.android.billingclient:billing:2.0.3] AndroidManifest.xml:19:13-96
50            android:theme="@android:style/Theme.Translucent.NoTitleBar" />
50-->[com.android.billingclient:billing:2.0.3] AndroidManifest.xml:20:13-72
51    </application>
52
53</manifest>